<?xml version="1.0" encoding="UTF-8"?>
<testng-results skipped="1" failed="0" total="3" passed="2">
  <reporter-output>
  </reporter-output>
  <suite name="My Sample Suite" duration-ms="65" started-at="2012-03-28T06:53:36Z" finished-at="2012-03-28T06:53:36Z">
    <groups>
    </groups>
    <test name="Login test 1" duration-ms="7" started-at="2012-03-28T06:53:36Z" finished-at="2012-03-28T06:53:36Z">
      <class name="test_1">
        <test-method status="PASS" signature="openDb()" name="openDb" is-config="true" duration-ms="0" started-at="2012-03-28T06:53:36Z" finished-at="2012-03-28T06:53:36Z">
        </test-method>
        <test-method status="PASS" signature="Openbrowser()" name="Openbrowser" is-config="true" duration-ms="0" started-at="2012-03-28T06:53:36Z" finished-at="2012-03-28T06:53:36Z">
        </test-method>
        <test-method status="PASS" signature="testLogin()" name="testLogin" duration-ms="1" started-at="2012-03-28T06:53:36Z" finished-at="2012-03-28T06:53:36Z">
        </test-method>
        <test-method status="PASS" signature="Closebrowser()" name="Closebrowser" is-config="true" duration-ms="0" started-at="2012-03-28T06:53:36Z" finished-at="2012-03-28T06:53:36Z">
        </test-method>
        <test-method status="PASS" signature="Openbrowser()" name="Openbrowser" is-config="true" duration-ms="0" started-at="2012-03-28T06:53:36Z" finished-at="2012-03-28T06:53:36Z">
        </test-method>
        <test-method status="PASS" signature="testUserregisteration()" name="testUserregisteration" duration-ms="1" started-at="2012-03-28T06:53:36Z" finished-at="2012-03-28T06:53:36Z">
        </test-method>
        <test-method status="PASS" signature="closeDB()" name="closeDB" is-config="true" duration-ms="0" started-at="2012-03-28T06:53:36Z" finished-at="2012-03-28T06:53:36Z">
        </test-method>
        <test-method status="PASS" signature="Closebrowser()" name="Closebrowser" is-config="true" duration-ms="0" started-at="2012-03-28T06:53:36Z" finished-at="2012-03-28T06:53:36Z">
        </test-method>
      </class>
    </test>
    <test name="Running test 2" duration-ms="2" started-at="2012-03-28T06:53:36Z" finished-at="2012-03-28T06:53:36Z">
      <class name="test_1">
        <test-method status="PASS" signature="runSeleniumserver()" name="runSeleniumserver" is-config="true" duration-ms="28" started-at="2012-03-28T06:53:36Z" finished-at="2012-03-28T06:53:36Z">
        </test-method>
        <test-method status="PASS" signature="stopSeleniumserver()" name="stopSeleniumserver" is-config="true" duration-ms="0" started-at="2012-03-28T06:53:36Z" finished-at="2012-03-28T06:53:36Z">
        </test-method>
      </class>
      <class name="test_2">
        <test-method status="SKIP" signature="testCapturescreeshot()" name="testCapturescreeshot" duration-ms="2" started-at="2012-03-28T06:53:36Z" finished-at="2012-03-28T06:53:36Z">
          <exception class="org.testng.SkipException">
            <message>
              <![CDATA[Skipping the test case]]>
            </message>
            <full-stacktrace>
              <![CDATA[org.testng.SkipException: Skipping the test case
	at test_2.testCapturescreeshot(test_2.java:11)
	at sun.reflect.NativeMethodAccessorImpl.invoke0(Native Method)
	at sun.reflect.NativeMethodAccessorImpl.invoke(NativeMethodAccessorImpl.java:39)
	at sun.reflect.DelegatingMethodAccessorImpl.invoke(DelegatingMethodAccessorImpl.java:25)
	at java.lang.reflect.Method.invoke(Method.java:597)
	at org.testng.internal.MethodInvocationHelper.invokeMethod(MethodInvocationHelper.java:76)
	at org.testng.internal.Invoker.invokeMethod(Invoker.java:673)
	at org.testng.internal.Invoker.invokeTestMethod(Invoker.java:846)
	at org.testng.internal.Invoker.invokeTestMethods(Invoker.java:1170)
	at org.testng.internal.TestMethodWorker.invokeTestMethods(TestMethodWorker.java:125)
	at org.testng.internal.TestMethodWorker.run(TestMethodWorker.java:109)
	at org.testng.TestRunner.runWorkers(TestRunner.java:1147)
	at org.testng.TestRunner.privateRun(TestRunner.java:749)
	at org.testng.TestRunner.run(TestRunner.java:600)
	at org.testng.SuiteRunner.runTest(SuiteRunner.java:317)
	at org.testng.SuiteRunner.runSequentially(SuiteRunner.java:312)
	at org.testng.SuiteRunner.privateRun(SuiteRunner.java:274)
	at org.testng.SuiteRunner.run(SuiteRunner.java:223)
	at org.testng.SuiteRunnerWorker.runSuite(SuiteRunnerWorker.java:52)
	at org.testng.SuiteRunnerWorker.run(SuiteRunnerWorker.java:86)
	at org.testng.TestNG.runSuitesSequentially(TestNG.java:1039)
	at org.testng.TestNG.runSuitesLocally(TestNG.java:964)
	at org.testng.TestNG.run(TestNG.java:900)
	at org.testng.TestNG.privateMain(TestNG.java:1182)
	at org.testng.TestNG.main(TestNG.java:1146)
]]>
            </full-stacktrace>
          </exception>
        </test-method>
      </class>
    </test>
  </suite>
</testng-results>
